<?xml version="1.0" encoding="UTF-8"?>
<!-- Generated by org.testng.reporters.JUnitXMLReporter -->
<testsuite ignored="5" hostname="DESKTOP-QT4IDS0" failures="1" tests="2" name="Selenium TestApiLogIn" time="14.254" errors="0" timestamp="2023-12-17T10:47:46 EST">
  <testcase classname="pageObjectTests.InfoPanel" name="shuffleButtonAlbumTabShuffleAlbumSongs" time="3.02"/>
  <testcase classname="pageObjectTests.InfoPanel" name="shuffleButtonArtistTabShuffleAlbumSongs" time="2.756">
    <failure type="java.lang.AssertionError" message="did not expect [[Pluto, BornKing, BossStatus]] but found [[Pluto, BornKing, BossStatus]]">
      <![CDATA[java.lang.AssertionError: did not expect [[Pluto, BornKing, BossStatus]] but found [[Pluto, BornKing, BossStatus]]
at pageObjectTests.InfoPanel.shuffleButtonArtistTabShuffleAlbumSongs(InfoPanel.java:104)
at java.base/java.util.ArrayList.forEach(ArrayList.java:1511)
at com.intellij.rt.testng.IDEARemoteTestNG.run(IDEARemoteTestNG.java:66)
at com.intellij.rt.testng.RemoteTestNGStarter.main(RemoteTestNGStarter.java:109)
... Removed 25 stack frames]]>
    </failure>
  </testcase> <!-- shuffleButtonArtistTabShuffleAlbumSongs -->
  <testcase classname="pageObjectTests.InfoPanel" name="infoButtonOpensInfoPanel" time="0.0">
    <ignored/>
  </testcase> <!-- infoButtonOpensInfoPanel -->
  <testcase classname="pageObjectTests.InfoPanel" name="infoButtonClosesInfoPanel" time="0.0">
    <ignored/>
  </testcase> <!-- infoButtonClosesInfoPanel -->
  <testcase classname="pageObjectTests.InfoPanel" name="albumInfoIsDisplayedCorrectly" time="0.0">
    <ignored/>
  </testcase> <!-- albumInfoIsDisplayedCorrectly -->
  <testcase classname="pageObjectTests.InfoPanel" name="lyricInfoIsDisplayedCorrectly" time="0.0">
    <ignored/>
  </testcase> <!-- lyricInfoIsDisplayedCorrectly -->
  <testcase classname="pageObjectTests.InfoPanel" name="artistInfoIsDisplayedCorrectly" time="0.0">
    <ignored/>
  </testcase> <!-- artistInfoIsDisplayedCorrectly -->
</testsuite> <!-- Selenium TestApiLogIn -->
